
    -------------------------------------------------------------------------------
                                     ORCA OUTPUT
    -------------------------------------------------------------------------------
    Number of atoms .............................. 2
    * xyz 0 1
    H 0.0 0.0 0.0
    H 0.0 0.0 0.74
    *
    -----------------------
    CARTESIAN COORDINATES (ANGSTROEM)
    -----------------------
      H      0.000000    0.000000    0.000000
      H      0.000000    0.000000    0.740000

    Total Charge           : 0
    Multiplicity           : 1
    Total Dipole Moment (a.u.) : 0.0 0.0 0.0
    -----------------------
    EIGENVALUES
    -----------------------
    NO  OCC          E(Eh)            E(eV) 
     0  2.0000      -0.5000         -13.6057
     1  0.0000       0.2000           5.4423
    -------------------------
    ****ORCA TERMINATED NORMALLY****
    